2022-01-20 10:21:43,083:INFO:PyCaret TimeSeriesExperiment
2022-01-20 10:21:43,083:INFO:Logging name: ts-default-name
2022-01-20 10:21:43,083:INFO:ML Usecase: MLUsecase.TIME_SERIES
2022-01-20 10:21:43,083:INFO:version 3.0.0
2022-01-20 10:21:43,083:INFO:Initializing setup()
2022-01-20 10:21:43,083:INFO:setup(self=<pycaret.internal.pycaret_experiment.time_series_experiment.TimeSeriesExperiment object at 0x7f9513e08190>, target=D, train_size=0.7, test_data=None, preprocess=True, imputation_type=simple, iterative_imputation_iters=5, categorical_features=None, categorical_imputation=mode, categorical_iterative_imputer=lightgbm, ordinal_features=None, high_cardinality_features=None, high_cardinality_method=frequency, numeric_features=None, numeric_imputation=mean, numeric_iterative_imputer=lightgbm, date_features=None, ignore_features=None, normalize=False, normalize_method=zscore, transformation=False, transformation_method=yeo-johnson, handle_unknown_categorical=False, unknown_categorical_method=least_frequent, pca=False, pca_method=linear, pca_components=None, ignore_low_variance=False, combine_rare_levels=False, rare_level_threshold=0.1, bin_numeric_features=None, remove_outliers=False, outliers_threshold=0.05, remove_multicollinearity=False, multicollinearity_threshold=0.9, remove_perfect_collinearity=False, create_clusters=False, cluster_iter=20, polynomial_features=False, polynomial_degree=2, trigonometry_features=False, polynomial_threshold=0.1, group_features=None, group_names=None, feature_selection=False, feature_selection_threshold=0.8, feature_selection_method=classic, feature_interaction=False, feature_ratio=False, interaction_threshold=0.01, fix_imbalance=False, fix_imbalance_method=None, transform_target=False, transform_target_method=box-cox, data_split_shuffle=False, data_split_stratify=False, fold_strategy=expanding, fold=2, fh=[  1   2   3   4   5   6   7   8   9  10  11  12  13  14  15  16  17  18
  19  20  21  22  23  24  25  26  27  28  29  30  31  32  33  34  35  36
  37  38  39  40  41  42  43  44  45  46  47  48  49  50  51  52  53  54
  55  56  57  58  59  60  61  62  63  64  65  66  67  68  69  70  71  72
  73  74  75  76  77  78  79  80  81  82  83  84  85  86  87  88  89  90
  91  92  93  94  95  96  97  98  99 100 101 102 103 104 105 106 107 108
 109 110 111 112 113 114 115 116 117 118 119 120 121 122 123 124 125 126
 127 128 129 130 131 132 133 134 135 136 137 138 139 140 141 142 143 144
 145 146 147 148 149 150], fold_shuffle=False, fold_groups=None, n_jobs=-1, use_gpu=True, custom_pipeline=None, html=True, session_id=123, system_log=True, log_experiment=False, experiment_name=None, log_plots=False, log_profile=False, log_data=False, silent=True, seasonal_period=None, verbose=True, profile=False, profile_kwargs=None, display=None)
2022-01-20 10:21:43,083:INFO:Checking environment
2022-01-20 10:21:43,083:INFO:python_version: 3.7.12
2022-01-20 10:21:43,083:INFO:python_build: ('default', 'Sep 10 2021 00:21:48')
2022-01-20 10:21:43,083:INFO:machine: x86_64
2022-01-20 10:21:43,083:INFO:platform: Linux-5.4.144+-x86_64-with-Ubuntu-18.04-bionic
2022-01-20 10:21:43,084:INFO:Memory: svmem(total=13622190080, available=12583321600, percent=7.6, used=784019456, free=6962601984, active=1206046720, inactive=4939960320, buffers=196161536, cached=5679407104, shared=1216512, slab=395165696)
2022-01-20 10:21:43,084:INFO:Physical Core: 1
2022-01-20 10:21:43,084:INFO:Logical Core: 2
2022-01-20 10:21:43,084:INFO:Checking libraries
2022-01-20 10:21:43,084:INFO:pd==1.1.5
2022-01-20 10:21:43,084:INFO:numpy==1.19.5
2022-01-20 10:21:43,084:INFO:sklearn==0.24.2
2022-01-20 10:21:43,084:INFO:lightgbm==3.3.2
2022-01-20 10:21:43,132:INFO:xgboost==0.90
2022-01-20 10:21:43,133:WARNING:catboost not found
2022-01-20 10:21:43,459:INFO:mlflow==1.23.0
2022-01-20 10:21:43,459:INFO:Checking Exceptions
2022-01-20 10:21:43,459:INFO:Declaring global variables
2022-01-20 10:21:43,460:INFO:self.USI: 5a4a
2022-01-20 10:21:43,460:INFO:self.variable_keys: {'y', 'X_test', 'log_plots_param', 'X', 'fold_generator', 'data_before_preprocess', 'master_model_container', 'y_train', 'enforce_pi', 'fold_groups_param_full', 'logging_param', 'display_container', '_internal_pipeline', '_ml_usecase', 'USI', 'seasonal_period', 'sp_to_use', 'strictly_positive', '_all_models', '_all_metrics', 'variable_keys', 'seed', '_all_models_internal', 'fold_param', 'fh', 'exp_id', 'n_jobs_param', '_gpu_n_jobs_param', 'y_test', 'exp_name_log', 'gpu_param', 'html_param', 'X_train', 'experiment__', 'prep_pipe', 'seasonality_present', '_available_plots'}
2022-01-20 10:21:43,460:INFO:Preparing display monitor
2022-01-20 10:21:43,460:INFO:Preparing display monitor
2022-01-20 10:21:43,494:INFO:Importing libraries
2022-01-20 10:21:43,494:INFO:Copying data for preprocessing
2022-01-20 10:21:43,512:INFO:Declaring preprocessing parameters
2022-01-20 10:21:43,513:WARNING:cuML not found
2022-01-20 10:21:43,513:WARNING:cuML is outdated or not found. Required version is >=0.15, got 3.0.0
2022-01-20 10:21:43,515:INFO:Creating preprocessing pipeline
2022-01-20 10:21:43,522:INFO:Preprocessing pipeline created successfully
2022-01-20 10:21:43,523:ERROR:(Process Exit): setup has been interupted with user command 'quit'. setup must rerun.
2022-01-20 10:21:43,523:INFO:Creating global containers
2022-01-20 10:21:43,526:INFO:Internal pipeline: Pipeline(memory=None, steps=[('empty_step', 'passthrough')], verbose=False)
2022-01-20 10:21:43,656:WARNING:Couldn't import cuml.linear_model.LinearRegression
2022-01-20 10:21:43,656:WARNING:Couldn't import cuml.linear_model.LinearRegression
2022-01-20 10:21:43,656:WARNING:Couldn't import cuml.linear_model.ElasticNet
2022-01-20 10:21:43,657:WARNING:Couldn't import cuml.linear_model.ElasticNet
2022-01-20 10:21:43,657:WARNING:Couldn't import cuml.linear_model.Ridge
2022-01-20 10:21:43,657:WARNING:Couldn't import cuml.linear_model.Ridge
2022-01-20 10:21:43,658:WARNING:Couldn't import cuml.linear_model.Lasso
2022-01-20 10:21:43,658:WARNING:Couldn't import cuml.linear_model.Lasso
2022-01-20 10:21:43,660:WARNING:Couldn't import cuml.neighbors.KNeighborsRegressor
2022-01-20 10:21:43,661:WARNING:Couldn't import cuml.neighbors.KNeighborsRegressor
2022-01-20 10:21:43,662:WARNING:Wrong xgboost version. Expected xgboost>=1.1.0, got xgboost==(0, 90)
2022-01-20 10:21:43,662:WARNING:Wrong xgboost version. Expected xgboost>=1.1.0, got xgboost==(0, 90)
2022-01-20 10:21:43,669:WARNING:Couldn't import catboost.CatBoostRegressor
2022-01-20 10:21:43,669:WARNING:Couldn't import catboost.CatBoostRegressor
2022-01-20 10:21:43,672:WARNING:Couldn't import cuml.linear_model.LinearRegression
2022-01-20 10:21:43,673:WARNING:Couldn't import cuml.linear_model.LinearRegression
2022-01-20 10:21:43,673:WARNING:Couldn't import cuml.linear_model.ElasticNet
2022-01-20 10:21:43,673:WARNING:Couldn't import cuml.linear_model.ElasticNet
2022-01-20 10:21:43,674:WARNING:Couldn't import cuml.linear_model.Ridge
2022-01-20 10:21:43,674:WARNING:Couldn't import cuml.linear_model.Ridge
2022-01-20 10:21:43,674:WARNING:Couldn't import cuml.linear_model.Lasso
2022-01-20 10:21:43,675:WARNING:Couldn't import cuml.linear_model.Lasso
2022-01-20 10:21:43,675:WARNING:Couldn't import cuml.neighbors.KNeighborsRegressor
2022-01-20 10:21:43,676:WARNING:Couldn't import cuml.neighbors.KNeighborsRegressor
2022-01-20 10:21:43,677:WARNING:Wrong xgboost version. Expected xgboost>=1.1.0, got xgboost==(0, 90)
2022-01-20 10:21:43,677:WARNING:Wrong xgboost version. Expected xgboost>=1.1.0, got xgboost==(0, 90)
2022-01-20 10:21:43,682:WARNING:Couldn't import catboost.CatBoostRegressor
2022-01-20 10:21:43,682:WARNING:Couldn't import catboost.CatBoostRegressor
2022-01-20 10:21:43,682:INFO:Creating grid variables
2022-01-20 10:21:43,787:INFO:self.master_model_container: 0
2022-01-20 10:21:43,787:INFO:self.display_container: 1
2022-01-20 10:21:43,799:INFO:Pipeline(memory=None,
         steps=[('dtypes',
                 DataTypes_Auto_infer(categorical_features=[],
                                      display_types=False, features_todrop=[],
                                      float_dtype='float64', id_columns=[],
                                      ml_usecase='regression',
                                      numerical_features=[], target='D',
                                      time_features=[])),
                ('imputer',
                 Simple_Imputer(categorical_strategy='most frequent',
                                fill_value_categorical='not_available',
                                fill_value_nume...
                ('scaling', 'passthrough'), ('P_transform', 'passthrough'),
                ('binn', 'passthrough'), ('rem_outliers', 'passthrough'),
                ('cluster_all', 'passthrough'), ('dummy', Dummify(target='D')),
                ('fix_perfect', 'passthrough'),
                ('clean_names', Clean_Colum_Names()),
                ('feature_select', 'passthrough'), ('fix_multi', 'passthrough'),
                ('dfs', 'passthrough'), ('pca', 'passthrough')],
         verbose=False)
2022-01-20 10:21:43,799:INFO:setup() successfully completed......................................
2022-01-20 10:21:53,634:INFO:Visual Rendered Successfully
2022-01-20 10:21:53,822:INFO:Visual Rendered Successfully
2022-01-20 10:21:54,541:INFO:Visual Rendered Successfully
2022-01-20 10:21:54,889:INFO:Visual Rendered Successfully
2022-01-20 10:21:54,904:INFO:Initializing compare_models()
2022-01-20 10:21:54,904:INFO:compare_models(self=<pycaret.internal.pycaret_experiment.time_series_experiment.TimeSeriesExperiment object at 0x7f9513e08190>, include=None, fold=None, round=4, cross_validation=True, sort=SMAPE, n_select=1, budget_time=None, turbo=True, errors=ignore, fit_kwargs=None, groups=None, probability_threshold=None, verbose=True, display=None, exclude=None)
2022-01-20 10:21:54,905:INFO:Checking exceptions
2022-01-20 10:21:54,905:INFO:Preparing display monitor
2022-01-20 10:21:54,905:INFO:Preparing display monitor
2022-01-20 10:21:54,976:INFO:Initializing Naive Forecaster
2022-01-20 10:21:54,976:INFO:Total runtime is 4.871686299641927e-06 minutes
2022-01-20 10:21:54,997:INFO:SubProcess create_model() called ==================================
2022-01-20 10:21:54,997:INFO:Initializing create_model()
2022-01-20 10:21:54,997:INFO:create_model(self=<pycaret.internal.pycaret_experiment.time_series_experiment.TimeSeriesExperiment object at 0x7f9513e08190>, estimator=naive, fold=None, round=4, cross_validation=True, predict=True, fit_kwargs={}, groups=None, refit=False, probability_threshold=None, verbose=False, system=False, add_to_model_list=True, metrics=None, display=<pycaret.internal.Display.Display object at 0x7f9452e14fd0>, kwargs={})
2022-01-20 10:21:54,997:INFO:Checking exceptions
2022-01-20 10:21:54,997:INFO:Importing libraries
2022-01-20 10:21:54,997:INFO:Copying training dataset
2022-01-20 10:21:54,999:INFO:Defining folds
2022-01-20 10:21:54,999:INFO:Declaring metric variables
2022-01-20 10:21:55,018:INFO:Importing untrained model
2022-01-20 10:21:55,039:INFO:Naive Forecaster Imported successfully
2022-01-20 10:21:55,081:INFO:Starting cross validation
2022-01-20 10:21:55,083:INFO:Cross validating with ExpandingWindowSplitter(fh=array([  1,   2, ..., 149, 150]),
            initial_window=None, step_length=150), n_jobs=1
2022-01-20 10:21:55,144:INFO:Calculating mean and std
2022-01-20 10:21:55,145:INFO:Creating metrics dataframe
2022-01-20 10:21:55,161:INFO:Uploading results into container
2022-01-20 10:21:55,162:INFO:Uploading model into container now
2022-01-20 10:21:55,162:INFO:master_model_container: 1
2022-01-20 10:21:55,162:INFO:display_container: 2
2022-01-20 10:21:55,163:INFO:NaiveForecaster(sp=1, strategy='last', window_length=None)
2022-01-20 10:21:55,163:INFO:create_model() successfully completed......................................
2022-01-20 10:21:55,289:INFO:SubProcess create_model() end ==================================
2022-01-20 10:21:55,289:INFO:Creating metrics dataframe
2022-01-20 10:21:55,307:INFO:Initializing Grand Means Forecaster
2022-01-20 10:21:55,307:INFO:Total runtime is 0.005509996414184571 minutes
2022-01-20 10:21:55,330:INFO:SubProcess create_model() called ==================================
2022-01-20 10:21:55,331:INFO:Initializing create_model()
2022-01-20 10:21:55,332:INFO:create_model(self=<pycaret.internal.pycaret_experiment.time_series_experiment.TimeSeriesExperiment object at 0x7f9513e08190>, estimator=grand_means, fold=None, round=4, cross_validation=True, predict=True, fit_kwargs={}, groups=None, refit=False, probability_threshold=None, verbose=False, system=False, add_to_model_list=True, metrics=None, display=<pycaret.internal.Display.Display object at 0x7f9452e14fd0>, kwargs={})
2022-01-20 10:21:55,332:INFO:Checking exceptions
2022-01-20 10:21:55,332:INFO:Importing libraries
2022-01-20 10:21:55,332:INFO:Copying training dataset
2022-01-20 10:21:55,333:INFO:Defining folds
2022-01-20 10:21:55,334:INFO:Declaring metric variables
2022-01-20 10:21:55,358:INFO:Importing untrained model
2022-01-20 10:21:55,376:INFO:Grand Means Forecaster Imported successfully
2022-01-20 10:21:55,417:INFO:Starting cross validation
2022-01-20 10:21:55,418:INFO:Cross validating with ExpandingWindowSplitter(fh=array([  1,   2, ..., 149, 150]),
            initial_window=None, step_length=150), n_jobs=1
2022-01-20 10:21:55,477:INFO:Calculating mean and std
2022-01-20 10:21:55,478:INFO:Creating metrics dataframe
2022-01-20 10:21:55,490:INFO:Uploading results into container
2022-01-20 10:21:55,490:INFO:Uploading model into container now
2022-01-20 10:21:55,490:INFO:master_model_container: 2
2022-01-20 10:21:55,490:INFO:display_container: 2
2022-01-20 10:21:55,491:INFO:NaiveForecaster(sp=1, strategy='mean', window_length=None)
2022-01-20 10:21:55,491:INFO:create_model() successfully completed......................................
2022-01-20 10:21:55,621:INFO:SubProcess create_model() end ==================================
2022-01-20 10:21:55,621:INFO:Creating metrics dataframe
2022-01-20 10:21:55,648:INFO:Initializing Seasonal Naive Forecaster
2022-01-20 10:21:55,648:INFO:Total runtime is 0.011198008060455324 minutes
2022-01-20 10:21:55,671:INFO:SubProcess create_model() called ==================================
2022-01-20 10:21:55,671:INFO:Initializing create_model()
2022-01-20 10:21:55,671:INFO:create_model(self=<pycaret.internal.pycaret_experiment.time_series_experiment.TimeSeriesExperiment object at 0x7f9513e08190>, estimator=snaive, fold=None, round=4, cross_validation=True, predict=True, fit_kwargs={}, groups=None, refit=False, probability_threshold=None, verbose=False, system=False, add_to_model_list=True, metrics=None, display=<pycaret.internal.Display.Display object at 0x7f9452e14fd0>, kwargs={})
2022-01-20 10:21:55,671:INFO:Checking exceptions
2022-01-20 10:21:55,672:INFO:Importing libraries
2022-01-20 10:21:55,672:INFO:Copying training dataset
2022-01-20 10:21:55,673:INFO:Defining folds
2022-01-20 10:21:55,673:INFO:Declaring metric variables
2022-01-20 10:21:55,701:INFO:Importing untrained model
2022-01-20 10:21:55,721:INFO:Seasonal Naive Forecaster Imported successfully
2022-01-20 10:21:55,767:INFO:Starting cross validation
2022-01-20 10:21:55,769:INFO:Cross validating with ExpandingWindowSplitter(fh=array([  1,   2, ..., 149, 150]),
            initial_window=None, step_length=150), n_jobs=1
2022-01-20 10:21:55,820:INFO:Calculating mean and std
2022-01-20 10:21:55,822:INFO:Creating metrics dataframe
2022-01-20 10:21:55,835:INFO:Uploading results into container
2022-01-20 10:21:55,835:INFO:Uploading model into container now
2022-01-20 10:21:55,835:INFO:master_model_container: 3
2022-01-20 10:21:55,836:INFO:display_container: 2
2022-01-20 10:21:55,836:INFO:NaiveForecaster(sp=24, strategy='last', window_length=None)
2022-01-20 10:21:55,836:INFO:create_model() successfully completed......................................
2022-01-20 10:21:55,967:INFO:SubProcess create_model() end ==================================
2022-01-20 10:21:55,967:INFO:Creating metrics dataframe
2022-01-20 10:21:55,992:INFO:Initializing Polynomial Trend Forecaster
2022-01-20 10:21:55,992:INFO:Total runtime is 0.016937553882598877 minutes
2022-01-20 10:21:56,017:INFO:SubProcess create_model() called ==================================
2022-01-20 10:21:56,017:INFO:Initializing create_model()
2022-01-20 10:21:56,017:INFO:create_model(self=<pycaret.internal.pycaret_experiment.time_series_experiment.TimeSeriesExperiment object at 0x7f9513e08190>, estimator=polytrend, fold=None, round=4, cross_validation=True, predict=True, fit_kwargs={}, groups=None, refit=False, probability_threshold=None, verbose=False, system=False, add_to_model_list=True, metrics=None, display=<pycaret.internal.Display.Display object at 0x7f9452e14fd0>, kwargs={})
2022-01-20 10:21:56,019:INFO:Checking exceptions
2022-01-20 10:21:56,019:INFO:Importing libraries
2022-01-20 10:21:56,020:INFO:Copying training dataset
2022-01-20 10:21:56,021:INFO:Defining folds
2022-01-20 10:21:56,021:INFO:Declaring metric variables
2022-01-20 10:21:56,039:INFO:Importing untrained model
2022-01-20 10:21:56,057:INFO:Polynomial Trend Forecaster Imported successfully
2022-01-20 10:21:56,099:INFO:Starting cross validation
2022-01-20 10:21:56,100:INFO:Cross validating with ExpandingWindowSplitter(fh=array([  1,   2, ..., 149, 150]),
            initial_window=None, step_length=150), n_jobs=1
2022-01-20 10:21:56,141:INFO:Calculating mean and std
2022-01-20 10:21:56,143:INFO:Creating metrics dataframe
2022-01-20 10:21:56,154:INFO:Uploading results into container
2022-01-20 10:21:56,154:INFO:Uploading model into container now
2022-01-20 10:21:56,154:INFO:master_model_container: 4
2022-01-20 10:21:56,154:INFO:display_container: 2
2022-01-20 10:21:56,154:INFO:PolynomialTrendForecaster(degree=1, regressor=None, with_intercept=True)
2022-01-20 10:21:56,155:INFO:create_model() successfully completed......................................
2022-01-20 10:21:56,287:INFO:SubProcess create_model() end ==================================
2022-01-20 10:21:56,288:INFO:Creating metrics dataframe
2022-01-20 10:21:56,319:INFO:Initializing ARIMA
2022-01-20 10:21:56,319:INFO:Total runtime is 0.022376441955566408 minutes
2022-01-20 10:21:56,345:INFO:SubProcess create_model() called ==================================
2022-01-20 10:21:56,345:INFO:Initializing create_model()
2022-01-20 10:21:56,346:INFO:create_model(self=<pycaret.internal.pycaret_experiment.time_series_experiment.TimeSeriesExperiment object at 0x7f9513e08190>, estimator=arima, fold=None, round=4, cross_validation=True, predict=True, fit_kwargs={}, groups=None, refit=False, probability_threshold=None, verbose=False, system=False, add_to_model_list=True, metrics=None, display=<pycaret.internal.Display.Display object at 0x7f9452e14fd0>, kwargs={})
2022-01-20 10:21:56,346:INFO:Checking exceptions
2022-01-20 10:21:56,346:INFO:Importing libraries
2022-01-20 10:21:56,346:INFO:Copying training dataset
2022-01-20 10:21:56,347:INFO:Defining folds
2022-01-20 10:21:56,347:INFO:Declaring metric variables
2022-01-20 10:21:56,371:INFO:Importing untrained model
2022-01-20 10:21:56,392:INFO:ARIMA Imported successfully
2022-01-20 10:21:56,437:INFO:Starting cross validation
2022-01-20 10:21:56,438:INFO:Cross validating with ExpandingWindowSplitter(fh=array([  1,   2, ..., 149, 150]),
            initial_window=None, step_length=150), n_jobs=1
2022-01-20 10:22:06,622:INFO:Calculating mean and std
2022-01-20 10:22:06,624:INFO:Creating metrics dataframe
2022-01-20 10:22:06,639:INFO:Uploading results into container
2022-01-20 10:22:06,640:INFO:Uploading model into container now
2022-01-20 10:22:06,640:INFO:master_model_container: 5
2022-01-20 10:22:06,640:INFO:display_container: 2
2022-01-20 10:22:06,641:INFO:ARIMA(maxiter=50, method='lbfgs', order=(1, 0, 0), out_of_sample_size=0,
      scoring='mse', scoring_args=None, seasonal_order=(0, 1, 0, 24),
      start_params=None, suppress_warnings=False, trend=None,
      with_intercept=True)
2022-01-20 10:22:06,641:INFO:create_model() successfully completed......................................
2022-01-20 10:22:06,793:INFO:SubProcess create_model() end ==================================
2022-01-20 10:22:06,794:INFO:Creating metrics dataframe
2022-01-20 10:22:06,815:INFO:Initializing Auto ARIMA
2022-01-20 10:22:06,815:INFO:Total runtime is 0.19731995662053425 minutes
2022-01-20 10:22:06,844:INFO:SubProcess create_model() called ==================================
2022-01-20 10:22:06,844:INFO:Initializing create_model()
2022-01-20 10:22:06,844:INFO:create_model(self=<pycaret.internal.pycaret_experiment.time_series_experiment.TimeSeriesExperiment object at 0x7f9513e08190>, estimator=auto_arima, fold=None, round=4, cross_validation=True, predict=True, fit_kwargs={}, groups=None, refit=False, probability_threshold=None, verbose=False, system=False, add_to_model_list=True, metrics=None, display=<pycaret.internal.Display.Display object at 0x7f9452e14fd0>, kwargs={})
2022-01-20 10:22:06,844:INFO:Checking exceptions
2022-01-20 10:22:06,844:INFO:Importing libraries
2022-01-20 10:22:06,845:INFO:Copying training dataset
2022-01-20 10:22:06,846:INFO:Defining folds
2022-01-20 10:22:06,846:INFO:Declaring metric variables
2022-01-20 10:22:06,872:INFO:Importing untrained model
2022-01-20 10:22:06,892:INFO:Auto ARIMA Imported successfully
2022-01-20 10:22:06,944:INFO:Starting cross validation
2022-01-20 10:22:06,945:INFO:Cross validating with ExpandingWindowSplitter(fh=array([  1,   2, ..., 149, 150]),
            initial_window=None, step_length=150), n_jobs=1
2022-01-20 10:39:36,924:INFO:Calculating mean and std
2022-01-20 10:39:36,925:INFO:Creating metrics dataframe
2022-01-20 10:39:36,939:INFO:Uploading results into container
2022-01-20 10:39:36,939:INFO:Uploading model into container now
2022-01-20 10:39:36,940:INFO:master_model_container: 6
2022-01-20 10:39:36,940:INFO:display_container: 2
2022-01-20 10:39:36,940:INFO:AutoARIMA(D=None, alpha=0.05, d=None, error_action='warn',
          information_criterion='aic', max_D=1, max_P=2, max_Q=2, max_d=2,
          max_order=5, max_p=5, max_q=5, maxiter=50, method='lbfgs', n_fits=10,
          n_jobs=1, offset_test_args=None, out_of_sample_size=0, random=False,
          random_state=123, scoring='mse', scoring_args=None, seasonal=True,
          seasonal_test='ocsb', seasonal_test_args=None, sp=24, start_P=1,
          start_Q=1, start_p=2, start_params=None, ...)
2022-01-20 10:39:36,941:INFO:create_model() successfully completed......................................
2022-01-20 10:39:37,114:INFO:SubProcess create_model() end ==================================
2022-01-20 10:39:37,115:INFO:Creating metrics dataframe
2022-01-20 10:39:37,144:INFO:Initializing Exponential Smoothing
2022-01-20 10:39:37,144:INFO:Total runtime is 17.702794075012207 minutes
2022-01-20 10:39:37,163:INFO:SubProcess create_model() called ==================================
2022-01-20 10:39:37,163:INFO:Initializing create_model()
2022-01-20 10:39:37,163:INFO:create_model(self=<pycaret.internal.pycaret_experiment.time_series_experiment.TimeSeriesExperiment object at 0x7f9513e08190>, estimator=exp_smooth, fold=None, round=4, cross_validation=True, predict=True, fit_kwargs={}, groups=None, refit=False, probability_threshold=None, verbose=False, system=False, add_to_model_list=True, metrics=None, display=<pycaret.internal.Display.Display object at 0x7f9452e14fd0>, kwargs={})
2022-01-20 10:39:37,163:INFO:Checking exceptions
2022-01-20 10:39:37,163:INFO:Importing libraries
2022-01-20 10:39:37,164:INFO:Copying training dataset
2022-01-20 10:39:37,164:INFO:Defining folds
2022-01-20 10:39:37,164:INFO:Declaring metric variables
2022-01-20 10:39:37,185:INFO:Importing untrained model
2022-01-20 10:39:37,203:INFO:Exponential Smoothing Imported successfully
2022-01-20 10:39:37,249:INFO:Starting cross validation
2022-01-20 10:39:37,250:INFO:Cross validating with ExpandingWindowSplitter(fh=array([  1,   2, ..., 149, 150]),
            initial_window=None, step_length=150), n_jobs=1
2022-01-20 10:39:37,898:INFO:Calculating mean and std
2022-01-20 10:39:37,900:INFO:Creating metrics dataframe
2022-01-20 10:39:37,910:INFO:Uploading results into container
2022-01-20 10:39:37,911:INFO:Uploading model into container now
2022-01-20 10:39:37,911:INFO:master_model_container: 7
2022-01-20 10:39:37,911:INFO:display_container: 2
2022-01-20 10:39:37,911:INFO:ExponentialSmoothing(damped_trend=False, initial_level=None,
                     initial_seasonal=None, initial_trend=None,
                     initialization_method='estimated', seasonal='mul', sp=24,
                     trend='add', use_boxcox=None)
2022-01-20 10:39:37,912:INFO:create_model() successfully completed......................................
2022-01-20 10:39:38,040:INFO:SubProcess create_model() end ==================================
2022-01-20 10:39:38,041:INFO:Creating metrics dataframe
2022-01-20 10:39:38,076:INFO:Initializing ETS
2022-01-20 10:39:38,076:INFO:Total runtime is 17.718331122398375 minutes
2022-01-20 10:39:38,098:INFO:SubProcess create_model() called ==================================
2022-01-20 10:39:38,098:INFO:Initializing create_model()
2022-01-20 10:39:38,099:INFO:create_model(self=<pycaret.internal.pycaret_experiment.time_series_experiment.TimeSeriesExperiment object at 0x7f9513e08190>, estimator=ets, fold=None, round=4, cross_validation=True, predict=True, fit_kwargs={}, groups=None, refit=False, probability_threshold=None, verbose=False, system=False, add_to_model_list=True, metrics=None, display=<pycaret.internal.Display.Display object at 0x7f9452e14fd0>, kwargs={})
2022-01-20 10:39:38,099:INFO:Checking exceptions
2022-01-20 10:39:38,099:INFO:Importing libraries
2022-01-20 10:39:38,099:INFO:Copying training dataset
2022-01-20 10:39:38,100:INFO:Defining folds
2022-01-20 10:39:38,100:INFO:Declaring metric variables
2022-01-20 10:39:38,121:INFO:Importing untrained model
2022-01-20 10:39:38,141:INFO:ETS Imported successfully
2022-01-20 10:39:38,189:INFO:Starting cross validation
2022-01-20 10:39:38,190:INFO:Cross validating with ExpandingWindowSplitter(fh=array([  1,   2, ..., 149, 150]),
            initial_window=None, step_length=150), n_jobs=1
2022-01-20 10:39:39,946:INFO:Calculating mean and std
2022-01-20 10:39:39,947:INFO:Creating metrics dataframe
2022-01-20 10:39:39,960:INFO:Uploading results into container
2022-01-20 10:39:39,960:INFO:Uploading model into container now
2022-01-20 10:39:39,960:INFO:master_model_container: 8
2022-01-20 10:39:39,960:INFO:display_container: 2
2022-01-20 10:39:39,961:INFO:AutoETS(additive_only=False, allow_multiplicative_trend=False, auto=False,
        bounds=None, callback=None, damped_trend=False, dates=None, disp=False,
        error='add', freq=None, full_output=True, ignore_inf_ic=True,
        information_criterion='aic', initial_level=None, initial_seasonal=None,
        initial_trend=None, initialization_method='estimated', maxiter=1000,
        missing='none', n_jobs=None, restrict=True, return_params=False,
        seasonal='mul', sp=24, start_params=None, trend='add')
2022-01-20 10:39:39,961:INFO:create_model() successfully completed......................................
2022-01-20 10:39:40,087:INFO:SubProcess create_model() end ==================================
2022-01-20 10:39:40,087:INFO:Creating metrics dataframe
2022-01-20 10:39:40,110:INFO:Initializing Theta Forecaster
2022-01-20 10:39:40,111:INFO:Total runtime is 17.7522421280543 minutes
2022-01-20 10:39:40,128:INFO:SubProcess create_model() called ==================================
2022-01-20 10:39:40,129:INFO:Initializing create_model()
2022-01-20 10:39:40,129:INFO:create_model(self=<pycaret.internal.pycaret_experiment.time_series_experiment.TimeSeriesExperiment object at 0x7f9513e08190>, estimator=theta, fold=None, round=4, cross_validation=True, predict=True, fit_kwargs={}, groups=None, refit=False, probability_threshold=None, verbose=False, system=False, add_to_model_list=True, metrics=None, display=<pycaret.internal.Display.Display object at 0x7f9452e14fd0>, kwargs={})
2022-01-20 10:39:40,129:INFO:Checking exceptions
2022-01-20 10:39:40,129:INFO:Importing libraries
2022-01-20 10:39:40,129:INFO:Copying training dataset
2022-01-20 10:39:40,131:INFO:Defining folds
2022-01-20 10:39:40,131:INFO:Declaring metric variables
2022-01-20 10:39:40,148:INFO:Importing untrained model
2022-01-20 10:39:40,169:INFO:Theta Forecaster Imported successfully
2022-01-20 10:39:40,209:INFO:Starting cross validation
2022-01-20 10:39:40,212:INFO:Cross validating with ExpandingWindowSplitter(fh=array([  1,   2, ..., 149, 150]),
            initial_window=None, step_length=150), n_jobs=1
2022-01-20 10:39:40,281:INFO:Calculating mean and std
2022-01-20 10:39:40,282:INFO:Creating metrics dataframe
2022-01-20 10:39:40,297:INFO:Uploading results into container
2022-01-20 10:39:40,297:INFO:Uploading model into container now
2022-01-20 10:39:40,297:INFO:master_model_container: 9
2022-01-20 10:39:40,297:INFO:display_container: 2
2022-01-20 10:39:40,297:INFO:ThetaForecaster(deseasonalize=True, initial_level=None, sp=24)
2022-01-20 10:39:40,297:INFO:create_model() successfully completed......................................
2022-01-20 10:39:40,439:INFO:SubProcess create_model() end ==================================
2022-01-20 10:39:40,439:INFO:Creating metrics dataframe
2022-01-20 10:39:40,469:INFO:Initializing Linear w/ Cond. Deseasonalize & Detrending
2022-01-20 10:39:40,469:INFO:Total runtime is 17.758215638001758 minutes
2022-01-20 10:39:40,488:INFO:SubProcess create_model() called ==================================
2022-01-20 10:39:40,488:INFO:Initializing create_model()
2022-01-20 10:39:40,489:INFO:create_model(self=<pycaret.internal.pycaret_experiment.time_series_experiment.TimeSeriesExperiment object at 0x7f9513e08190>, estimator=lr_cds_dt, fold=None, round=4, cross_validation=True, predict=True, fit_kwargs={}, groups=None, refit=False, probability_threshold=None, verbose=False, system=False, add_to_model_list=True, metrics=None, display=<pycaret.internal.Display.Display object at 0x7f9452e14fd0>, kwargs={})
2022-01-20 10:39:40,489:INFO:Checking exceptions
2022-01-20 10:39:40,489:INFO:Importing libraries
2022-01-20 10:39:40,489:INFO:Copying training dataset
2022-01-20 10:39:40,490:INFO:Defining folds
2022-01-20 10:39:40,491:INFO:Declaring metric variables
2022-01-20 10:39:40,512:INFO:Importing untrained model
2022-01-20 10:39:40,530:INFO:Linear w/ Cond. Deseasonalize & Detrending Imported successfully
2022-01-20 10:39:40,578:INFO:Starting cross validation
2022-01-20 10:39:40,580:INFO:Cross validating with ExpandingWindowSplitter(fh=array([  1,   2, ..., 149, 150]),
            initial_window=None, step_length=150), n_jobs=1
2022-01-20 10:39:40,780:INFO:Calculating mean and std
2022-01-20 10:39:40,782:INFO:Creating metrics dataframe
2022-01-20 10:39:40,799:INFO:Uploading results into container
2022-01-20 10:39:40,800:INFO:Uploading model into container now
2022-01-20 10:39:40,800:INFO:master_model_container: 10
2022-01-20 10:39:40,802:INFO:display_container: 2
2022-01-20 10:39:40,804:INFO:BaseCdsDtForecaster(degree=1, deseasonal_model='additive',
                    regressor=LinearRegression(copy_X=True, fit_intercept=True,
                                               n_jobs=-1, normalize=False,
                                               positive=False),
                    sp=24, window_length=24)
2022-01-20 10:39:40,805:INFO:create_model() successfully completed......................................
2022-01-20 10:39:40,936:INFO:SubProcess create_model() end ==================================
2022-01-20 10:39:40,936:INFO:Creating metrics dataframe
2022-01-20 10:39:40,958:INFO:Initializing Elastic Net w/ Cond. Deseasonalize & Detrending
2022-01-20 10:39:40,958:INFO:Total runtime is 17.76636434396108 minutes
2022-01-20 10:39:40,982:INFO:SubProcess create_model() called ==================================
2022-01-20 10:39:40,982:INFO:Initializing create_model()
2022-01-20 10:39:40,983:INFO:create_model(self=<pycaret.internal.pycaret_experiment.time_series_experiment.TimeSeriesExperiment object at 0x7f9513e08190>, estimator=en_cds_dt, fold=None, round=4, cross_validation=True, predict=True, fit_kwargs={}, groups=None, refit=False, probability_threshold=None, verbose=False, system=False, add_to_model_list=True, metrics=None, display=<pycaret.internal.Display.Display object at 0x7f9452e14fd0>, kwargs={})
2022-01-20 10:39:40,983:INFO:Checking exceptions
2022-01-20 10:39:40,983:INFO:Importing libraries
2022-01-20 10:39:40,983:INFO:Copying training dataset
2022-01-20 10:39:40,984:INFO:Defining folds
2022-01-20 10:39:40,984:INFO:Declaring metric variables
2022-01-20 10:39:41,006:INFO:Importing untrained model
2022-01-20 10:39:41,025:INFO:Elastic Net w/ Cond. Deseasonalize & Detrending Imported successfully
2022-01-20 10:39:41,067:INFO:Starting cross validation
2022-01-20 10:39:41,068:INFO:Cross validating with ExpandingWindowSplitter(fh=array([  1,   2, ..., 149, 150]),
            initial_window=None, step_length=150), n_jobs=1
2022-01-20 10:39:41,353:INFO:Calculating mean and std
2022-01-20 10:39:41,358:INFO:Creating metrics dataframe
2022-01-20 10:39:41,380:INFO:Uploading results into container
2022-01-20 10:39:41,380:INFO:Uploading model into container now
2022-01-20 10:39:41,380:INFO:master_model_container: 11
2022-01-20 10:39:41,382:INFO:display_container: 2
2022-01-20 10:39:41,385:INFO:BaseCdsDtForecaster(degree=1, deseasonal_model='additive',
                    regressor=ElasticNet(alpha=1.0, copy_X=True,
                                         fit_intercept=True, l1_ratio=0.5,
                                         max_iter=1000, normalize=False,
                                         positive=False, precompute=False,
                                         random_state=123, selection='cyclic',
                                         tol=0.0001, warm_start=False),
                    sp=24, window_length=24)
2022-01-20 10:39:41,385:INFO:create_model() successfully completed......................................
2022-01-20 10:39:41,511:INFO:SubProcess create_model() end ==================================
2022-01-20 10:39:41,511:INFO:Creating metrics dataframe
2022-01-20 10:39:41,533:INFO:Initializing Ridge w/ Cond. Deseasonalize & Detrending
2022-01-20 10:39:41,533:INFO:Total runtime is 17.77595333258311 minutes
2022-01-20 10:39:41,553:INFO:SubProcess create_model() called ==================================
2022-01-20 10:39:41,553:INFO:Initializing create_model()
2022-01-20 10:39:41,553:INFO:create_model(self=<pycaret.internal.pycaret_experiment.time_series_experiment.TimeSeriesExperiment object at 0x7f9513e08190>, estimator=ridge_cds_dt, fold=None, round=4, cross_validation=True, predict=True, fit_kwargs={}, groups=None, refit=False, probability_threshold=None, verbose=False, system=False, add_to_model_list=True, metrics=None, display=<pycaret.internal.Display.Display object at 0x7f9452e14fd0>, kwargs={})
2022-01-20 10:39:41,553:INFO:Checking exceptions
2022-01-20 10:39:41,553:INFO:Importing libraries
2022-01-20 10:39:41,554:INFO:Copying training dataset
2022-01-20 10:39:41,555:INFO:Defining folds
2022-01-20 10:39:41,555:INFO:Declaring metric variables
2022-01-20 10:39:41,574:INFO:Importing untrained model
2022-01-20 10:39:41,594:INFO:Ridge w/ Cond. Deseasonalize & Detrending Imported successfully
2022-01-20 10:39:41,639:INFO:Starting cross validation
2022-01-20 10:39:41,641:INFO:Cross validating with ExpandingWindowSplitter(fh=array([  1,   2, ..., 149, 150]),
            initial_window=None, step_length=150), n_jobs=1
2022-01-20 10:39:41,832:INFO:Calculating mean and std
2022-01-20 10:39:41,833:INFO:Creating metrics dataframe
2022-01-20 10:39:41,852:INFO:Uploading results into container
2022-01-20 10:39:41,856:INFO:Uploading model into container now
2022-01-20 10:39:41,856:INFO:master_model_container: 12
2022-01-20 10:39:41,856:INFO:display_container: 2
2022-01-20 10:39:41,858:INFO:BaseCdsDtForecaster(degree=1, deseasonal_model='additive',
                    regressor=Ridge(alpha=1.0, copy_X=True, fit_intercept=True,
                                    max_iter=None, normalize=False,
                                    random_state=123, solver='auto',
                                    tol=0.001),
                    sp=24, window_length=24)
2022-01-20 10:39:41,858:INFO:create_model() successfully completed......................................
2022-01-20 10:39:41,989:INFO:SubProcess create_model() end ==================================
2022-01-20 10:39:41,990:INFO:Creating metrics dataframe
2022-01-20 10:39:42,022:INFO:Initializing Lasso w/ Cond. Deseasonalize & Detrending
2022-01-20 10:39:42,022:INFO:Total runtime is 17.78409754037857 minutes
2022-01-20 10:39:42,042:INFO:SubProcess create_model() called ==================================
2022-01-20 10:39:42,042:INFO:Initializing create_model()
2022-01-20 10:39:42,043:INFO:create_model(self=<pycaret.internal.pycaret_experiment.time_series_experiment.TimeSeriesExperiment object at 0x7f9513e08190>, estimator=lasso_cds_dt, fold=None, round=4, cross_validation=True, predict=True, fit_kwargs={}, groups=None, refit=False, probability_threshold=None, verbose=False, system=False, add_to_model_list=True, metrics=None, display=<pycaret.internal.Display.Display object at 0x7f9452e14fd0>, kwargs={})
2022-01-20 10:39:42,043:INFO:Checking exceptions
2022-01-20 10:39:42,043:INFO:Importing libraries
2022-01-20 10:39:42,043:INFO:Copying training dataset
2022-01-20 10:39:42,045:INFO:Defining folds
2022-01-20 10:39:42,045:INFO:Declaring metric variables
2022-01-20 10:39:42,066:INFO:Importing untrained model
2022-01-20 10:39:42,088:INFO:Lasso w/ Cond. Deseasonalize & Detrending Imported successfully
2022-01-20 10:39:42,131:INFO:Starting cross validation
2022-01-20 10:39:42,132:INFO:Cross validating with ExpandingWindowSplitter(fh=array([  1,   2, ..., 149, 150]),
            initial_window=None, step_length=150), n_jobs=1
2022-01-20 10:39:42,399:INFO:Calculating mean and std
2022-01-20 10:39:42,401:INFO:Creating metrics dataframe
2022-01-20 10:39:42,421:INFO:Uploading results into container
2022-01-20 10:39:42,421:INFO:Uploading model into container now
2022-01-20 10:39:42,421:INFO:master_model_container: 13
2022-01-20 10:39:42,421:INFO:display_container: 2
2022-01-20 10:39:42,423:INFO:BaseCdsDtForecaster(degree=1, deseasonal_model='additive',
                    regressor=Lasso(alpha=1.0, copy_X=True, fit_intercept=True,
                                    max_iter=1000, normalize=False,
                                    positive=False, precompute=False,
                                    random_state=123, selection='cyclic',
                                    tol=0.0001, warm_start=False),
                    sp=24, window_length=24)
2022-01-20 10:39:42,423:INFO:create_model() successfully completed......................................
2022-01-20 10:39:42,545:INFO:SubProcess create_model() end ==================================
2022-01-20 10:39:42,545:INFO:Creating metrics dataframe
2022-01-20 10:39:42,569:INFO:Initializing Least Angular Regressor w/ Cond. Deseasonalize & Detrending
2022-01-20 10:39:42,569:INFO:Total runtime is 17.793213176727296 minutes
2022-01-20 10:39:42,597:INFO:SubProcess create_model() called ==================================
2022-01-20 10:39:42,597:INFO:Initializing create_model()
2022-01-20 10:39:42,597:INFO:create_model(self=<pycaret.internal.pycaret_experiment.time_series_experiment.TimeSeriesExperiment object at 0x7f9513e08190>, estimator=lar_cds_dt, fold=None, round=4, cross_validation=True, predict=True, fit_kwargs={}, groups=None, refit=False, probability_threshold=None, verbose=False, system=False, add_to_model_list=True, metrics=None, display=<pycaret.internal.Display.Display object at 0x7f9452e14fd0>, kwargs={})
2022-01-20 10:39:42,597:INFO:Checking exceptions
2022-01-20 10:39:42,597:INFO:Importing libraries
2022-01-20 10:39:42,598:INFO:Copying training dataset
2022-01-20 10:39:42,599:INFO:Defining folds
2022-01-20 10:39:42,599:INFO:Declaring metric variables
2022-01-20 10:39:42,618:INFO:Importing untrained model
2022-01-20 10:39:42,635:INFO:Least Angular Regressor w/ Cond. Deseasonalize & Detrending Imported successfully
2022-01-20 10:39:42,678:INFO:Starting cross validation
2022-01-20 10:39:42,680:INFO:Cross validating with ExpandingWindowSplitter(fh=array([  1,   2, ..., 149, 150]),
            initial_window=None, step_length=150), n_jobs=1
2022-01-20 10:39:42,894:INFO:Calculating mean and std
2022-01-20 10:39:42,895:INFO:Creating metrics dataframe
2022-01-20 10:39:42,911:INFO:Uploading results into container
2022-01-20 10:39:42,911:INFO:Uploading model into container now
2022-01-20 10:39:42,911:INFO:master_model_container: 14
2022-01-20 10:39:42,911:INFO:display_container: 2
2022-01-20 10:39:42,913:INFO:BaseCdsDtForecaster(degree=1, deseasonal_model='additive',
                    regressor=Lars(copy_X=True, eps=2.220446049250313e-16,
                                   fit_intercept=True, fit_path=True,
                                   jitter=None, n_nonzero_coefs=500,
                                   normalize=True, precompute='auto',
                                   random_state=123, verbose=False),
                    sp=24, window_length=24)
2022-01-20 10:39:42,914:INFO:create_model() successfully completed......................................
2022-01-20 10:39:43,042:INFO:SubProcess create_model() end ==================================
2022-01-20 10:39:43,043:INFO:Creating metrics dataframe
2022-01-20 10:39:43,076:INFO:Initializing Lasso Least Angular Regressor w/ Cond. Deseasonalize & Detrending
2022-01-20 10:39:43,076:INFO:Total runtime is 17.801662659645082 minutes
2022-01-20 10:39:43,096:INFO:SubProcess create_model() called ==================================
2022-01-20 10:39:43,096:INFO:Initializing create_model()
2022-01-20 10:39:43,096:INFO:create_model(self=<pycaret.internal.pycaret_experiment.time_series_experiment.TimeSeriesExperiment object at 0x7f9513e08190>, estimator=llar_cds_dt, fold=None, round=4, cross_validation=True, predict=True, fit_kwargs={}, groups=None, refit=False, probability_threshold=None, verbose=False, system=False, add_to_model_list=True, metrics=None, display=<pycaret.internal.Display.Display object at 0x7f9452e14fd0>, kwargs={})
2022-01-20 10:39:43,096:INFO:Checking exceptions
2022-01-20 10:39:43,097:INFO:Importing libraries
2022-01-20 10:39:43,097:INFO:Copying training dataset
2022-01-20 10:39:43,098:INFO:Defining folds
2022-01-20 10:39:43,098:INFO:Declaring metric variables
2022-01-20 10:39:43,119:INFO:Importing untrained model
2022-01-20 10:39:43,137:INFO:Lasso Least Angular Regressor w/ Cond. Deseasonalize & Detrending Imported successfully
2022-01-20 10:39:43,179:INFO:Starting cross validation
2022-01-20 10:39:43,181:INFO:Cross validating with ExpandingWindowSplitter(fh=array([  1,   2, ..., 149, 150]),
            initial_window=None, step_length=150), n_jobs=1
2022-01-20 10:39:43,387:INFO:Calculating mean and std
2022-01-20 10:39:43,389:INFO:Creating metrics dataframe
2022-01-20 10:39:43,422:INFO:Uploading results into container
2022-01-20 10:39:43,423:INFO:Uploading model into container now
2022-01-20 10:39:43,423:INFO:master_model_container: 15
2022-01-20 10:39:43,423:INFO:display_container: 2
2022-01-20 10:39:43,426:INFO:BaseCdsDtForecaster(degree=1, deseasonal_model='additive',
                    regressor=LassoLars(alpha=1.0, copy_X=True,
                                        eps=2.220446049250313e-16,
                                        fit_intercept=True, fit_path=True,
                                        jitter=None, max_iter=500,
                                        normalize=True, positive=False,
                                        precompute='auto', random_state=123,
                                        verbose=False),
                    sp=24, window_length=24)
2022-01-20 10:39:43,426:INFO:create_model() successfully completed......................................
2022-01-20 10:39:43,554:INFO:SubProcess create_model() end ==================================
2022-01-20 10:39:43,554:INFO:Creating metrics dataframe
2022-01-20 10:39:43,577:INFO:Initializing Bayesian Ridge w/ Cond. Deseasonalize & Detrending
2022-01-20 10:39:43,577:INFO:Total runtime is 17.810009074211123 minutes
2022-01-20 10:39:43,598:INFO:SubProcess create_model() called ==================================
2022-01-20 10:39:43,598:INFO:Initializing create_model()
2022-01-20 10:39:43,600:INFO:create_model(self=<pycaret.internal.pycaret_experiment.time_series_experiment.TimeSeriesExperiment object at 0x7f9513e08190>, estimator=br_cds_dt, fold=None, round=4, cross_validation=True, predict=True, fit_kwargs={}, groups=None, refit=False, probability_threshold=None, verbose=False, system=False, add_to_model_list=True, metrics=None, display=<pycaret.internal.Display.Display object at 0x7f9452e14fd0>, kwargs={})
2022-01-20 10:39:43,600:INFO:Checking exceptions
2022-01-20 10:39:43,600:INFO:Importing libraries
2022-01-20 10:39:43,600:INFO:Copying training dataset
2022-01-20 10:39:43,602:INFO:Defining folds
2022-01-20 10:39:43,602:INFO:Declaring metric variables
2022-01-20 10:39:43,625:INFO:Importing untrained model
2022-01-20 10:39:43,640:INFO:Bayesian Ridge w/ Cond. Deseasonalize & Detrending Imported successfully
2022-01-20 10:39:43,687:INFO:Starting cross validation
2022-01-20 10:39:43,688:INFO:Cross validating with ExpandingWindowSplitter(fh=array([  1,   2, ..., 149, 150]),
            initial_window=None, step_length=150), n_jobs=1
2022-01-20 10:39:43,917:INFO:Calculating mean and std
2022-01-20 10:39:43,918:INFO:Creating metrics dataframe
2022-01-20 10:39:43,935:INFO:Uploading results into container
2022-01-20 10:39:43,938:INFO:Uploading model into container now
2022-01-20 10:39:43,938:INFO:master_model_container: 16
2022-01-20 10:39:43,939:INFO:display_container: 2
2022-01-20 10:39:43,941:INFO:BaseCdsDtForecaster(degree=1, deseasonal_model='additive',
                    regressor=BayesianRidge(alpha_1=1e-06, alpha_2=1e-06,
                                            alpha_init=None,
                                            compute_score=False, copy_X=True,
                                            fit_intercept=True, lambda_1=1e-06,
                                            lambda_2=1e-06, lambda_init=None,
                                            n_iter=300, normalize=False,
                                            tol=0.001, verbose=False),
                    sp=24, window_length=24)
2022-01-20 10:39:43,941:INFO:create_model() successfully completed......................................
2022-01-20 10:39:44,082:INFO:SubProcess create_model() end ==================================
2022-01-20 10:39:44,082:INFO:Creating metrics dataframe
2022-01-20 10:39:44,112:INFO:Initializing Huber w/ Cond. Deseasonalize & Detrending
2022-01-20 10:39:44,112:INFO:Total runtime is 17.818927915891013 minutes
2022-01-20 10:39:44,133:INFO:SubProcess create_model() called ==================================
2022-01-20 10:39:44,133:INFO:Initializing create_model()
2022-01-20 10:39:44,133:INFO:create_model(self=<pycaret.internal.pycaret_experiment.time_series_experiment.TimeSeriesExperiment object at 0x7f9513e08190>, estimator=huber_cds_dt, fold=None, round=4, cross_validation=True, predict=True, fit_kwargs={}, groups=None, refit=False, probability_threshold=None, verbose=False, system=False, add_to_model_list=True, metrics=None, display=<pycaret.internal.Display.Display object at 0x7f9452e14fd0>, kwargs={})
2022-01-20 10:39:44,133:INFO:Checking exceptions
2022-01-20 10:39:44,133:INFO:Importing libraries
2022-01-20 10:39:44,133:INFO:Copying training dataset
2022-01-20 10:39:44,135:INFO:Defining folds
2022-01-20 10:39:44,135:INFO:Declaring metric variables
2022-01-20 10:39:44,155:INFO:Importing untrained model
2022-01-20 10:39:44,174:INFO:Huber w/ Cond. Deseasonalize & Detrending Imported successfully
2022-01-20 10:39:44,214:INFO:Starting cross validation
2022-01-20 10:39:44,215:INFO:Cross validating with ExpandingWindowSplitter(fh=array([  1,   2, ..., 149, 150]),
            initial_window=None, step_length=150), n_jobs=1
2022-01-20 10:39:44,562:INFO:Calculating mean and std
2022-01-20 10:39:44,564:INFO:Creating metrics dataframe
2022-01-20 10:39:44,579:INFO:Uploading results into container
2022-01-20 10:39:44,579:INFO:Uploading model into container now
2022-01-20 10:39:44,580:INFO:master_model_container: 17
2022-01-20 10:39:44,580:INFO:display_container: 2
2022-01-20 10:39:44,582:INFO:BaseCdsDtForecaster(degree=1, deseasonal_model='additive',
                    regressor=HuberRegressor(alpha=0.0001, epsilon=1.35,
                                             fit_intercept=True, max_iter=100,
                                             tol=1e-05, warm_start=False),
                    sp=24, window_length=24)
2022-01-20 10:39:44,582:INFO:create_model() successfully completed......................................
2022-01-20 10:39:44,715:INFO:SubProcess create_model() end ==================================
2022-01-20 10:39:44,716:INFO:Creating metrics dataframe
2022-01-20 10:39:44,741:INFO:Initializing Passive Aggressive w/ Cond. Deseasonalize & Detrending
2022-01-20 10:39:44,742:INFO:Total runtime is 17.82942683299383 minutes
2022-01-20 10:39:44,766:INFO:SubProcess create_model() called ==================================
2022-01-20 10:39:44,766:INFO:Initializing create_model()
2022-01-20 10:39:44,766:INFO:create_model(self=<pycaret.internal.pycaret_experiment.time_series_experiment.TimeSeriesExperiment object at 0x7f9513e08190>, estimator=par_cds_dt, fold=None, round=4, cross_validation=True, predict=True, fit_kwargs={}, groups=None, refit=False, probability_threshold=None, verbose=False, system=False, add_to_model_list=True, metrics=None, display=<pycaret.internal.Display.Display object at 0x7f9452e14fd0>, kwargs={})
2022-01-20 10:39:44,766:INFO:Checking exceptions
2022-01-20 10:39:44,766:INFO:Importing libraries
2022-01-20 10:39:44,766:INFO:Copying training dataset
2022-01-20 10:39:44,767:INFO:Defining folds
2022-01-20 10:39:44,768:INFO:Declaring metric variables
2022-01-20 10:39:44,787:INFO:Importing untrained model
2022-01-20 10:39:44,805:INFO:Passive Aggressive w/ Cond. Deseasonalize & Detrending Imported successfully
2022-01-20 10:39:44,854:INFO:Starting cross validation
2022-01-20 10:39:44,855:INFO:Cross validating with ExpandingWindowSplitter(fh=array([  1,   2, ..., 149, 150]),
            initial_window=None, step_length=150), n_jobs=1
2022-01-20 10:39:44,987:INFO:Calculating mean and std
2022-01-20 10:39:44,988:INFO:Creating metrics dataframe
2022-01-20 10:39:44,998:INFO:Uploading results into container
2022-01-20 10:39:44,998:INFO:Uploading model into container now
2022-01-20 10:39:44,998:INFO:master_model_container: 18
2022-01-20 10:39:44,998:INFO:display_container: 2
2022-01-20 10:39:44,999:INFO:BaseCdsDtForecaster(degree=1, deseasonal_model='additive',
                    regressor=PassiveAggressiveRegressor(C=1.0, average=False,
                                                         early_stopping=False,
                                                         epsilon=0.1,
                                                         fit_intercept=True,
                                                         loss='epsilon_insensitive',
                                                         max_iter=1000,
                                                         n_iter_no_change=5,
                                                         random_state=123,
                                                         shuffle=True,
                                                         tol=0.001,
                                                         validation_fraction=0.1,
                                                         verbose=0,
                                                         warm_start=False),
                    sp=24, window_length=24)
2022-01-20 10:39:45,000:INFO:create_model() successfully completed......................................
2022-01-20 10:39:45,126:INFO:SubProcess create_model() end ==================================
2022-01-20 10:39:45,126:INFO:Creating metrics dataframe
2022-01-20 10:39:45,162:INFO:Initializing Orthogonal Matching Pursuit w/ Cond. Deseasonalize & Detrending
2022-01-20 10:39:45,162:INFO:Total runtime is 17.83642809391022 minutes
2022-01-20 10:39:45,186:INFO:SubProcess create_model() called ==================================
2022-01-20 10:39:45,187:INFO:Initializing create_model()
2022-01-20 10:39:45,187:INFO:create_model(self=<pycaret.internal.pycaret_experiment.time_series_experiment.TimeSeriesExperiment object at 0x7f9513e08190>, estimator=omp_cds_dt, fold=None, round=4, cross_validation=True, predict=True, fit_kwargs={}, groups=None, refit=False, probability_threshold=None, verbose=False, system=False, add_to_model_list=True, metrics=None, display=<pycaret.internal.Display.Display object at 0x7f9452e14fd0>, kwargs={})
2022-01-20 10:39:45,187:INFO:Checking exceptions
2022-01-20 10:39:45,187:INFO:Importing libraries
2022-01-20 10:39:45,188:INFO:Copying training dataset
2022-01-20 10:39:45,190:INFO:Defining folds
2022-01-20 10:39:45,190:INFO:Declaring metric variables
2022-01-20 10:39:45,212:INFO:Importing untrained model
2022-01-20 10:39:45,235:INFO:Orthogonal Matching Pursuit w/ Cond. Deseasonalize & Detrending Imported successfully
2022-01-20 10:39:45,283:INFO:Starting cross validation
2022-01-20 10:39:45,284:INFO:Cross validating with ExpandingWindowSplitter(fh=array([  1,   2, ..., 149, 150]),
            initial_window=None, step_length=150), n_jobs=1
2022-01-20 10:39:45,494:INFO:Calculating mean and std
2022-01-20 10:39:45,495:INFO:Creating metrics dataframe
2022-01-20 10:39:45,511:INFO:Uploading results into container
2022-01-20 10:39:45,511:INFO:Uploading model into container now
2022-01-20 10:39:45,512:INFO:master_model_container: 19
2022-01-20 10:39:45,512:INFO:display_container: 2
2022-01-20 10:39:45,513:INFO:BaseCdsDtForecaster(degree=1, deseasonal_model='additive',
                    regressor=OrthogonalMatchingPursuit(fit_intercept=True,
                                                        n_nonzero_coefs=None,
                                                        normalize=True,
                                                        precompute='auto',
                                                        tol=None),
                    sp=24, window_length=24)
2022-01-20 10:39:45,513:INFO:create_model() successfully completed......................................
2022-01-20 10:39:45,640:INFO:SubProcess create_model() end ==================================
2022-01-20 10:39:45,640:INFO:Creating metrics dataframe
2022-01-20 10:39:45,664:INFO:Initializing K Neighbors w/ Cond. Deseasonalize & Detrending
2022-01-20 10:39:45,664:INFO:Total runtime is 17.844798020521804 minutes
2022-01-20 10:39:45,689:INFO:SubProcess create_model() called ==================================
2022-01-20 10:39:45,689:INFO:Initializing create_model()
2022-01-20 10:39:45,689:INFO:create_model(self=<pycaret.internal.pycaret_experiment.time_series_experiment.TimeSeriesExperiment object at 0x7f9513e08190>, estimator=knn_cds_dt, fold=None, round=4, cross_validation=True, predict=True, fit_kwargs={}, groups=None, refit=False, probability_threshold=None, verbose=False, system=False, add_to_model_list=True, metrics=None, display=<pycaret.internal.Display.Display object at 0x7f9452e14fd0>, kwargs={})
2022-01-20 10:39:45,689:INFO:Checking exceptions
2022-01-20 10:39:45,689:INFO:Importing libraries
2022-01-20 10:39:45,690:INFO:Copying training dataset
2022-01-20 10:39:45,690:INFO:Defining folds
2022-01-20 10:39:45,691:INFO:Declaring metric variables
2022-01-20 10:39:45,714:INFO:Importing untrained model
2022-01-20 10:39:45,734:INFO:K Neighbors w/ Cond. Deseasonalize & Detrending Imported successfully
2022-01-20 10:39:45,778:INFO:Starting cross validation
2022-01-20 10:39:45,780:INFO:Cross validating with ExpandingWindowSplitter(fh=array([  1,   2, ..., 149, 150]),
            initial_window=None, step_length=150), n_jobs=1
2022-01-20 10:40:16,705:INFO:Calculating mean and std
2022-01-20 10:40:16,706:INFO:Creating metrics dataframe
2022-01-20 10:40:16,716:INFO:Uploading results into container
2022-01-20 10:40:16,716:INFO:Uploading model into container now
2022-01-20 10:40:16,716:INFO:master_model_container: 20
2022-01-20 10:40:16,717:INFO:display_container: 2
2022-01-20 10:40:16,718:INFO:BaseCdsDtForecaster(degree=1, deseasonal_model='additive',
                    regressor=KNeighborsRegressor(algorithm='auto',
                                                  leaf_size=30,
                                                  metric='minkowski',
                                                  metric_params=None, n_jobs=-1,
                                                  n_neighbors=5, p=2,
                                                  weights='uniform'),
                    sp=24, window_length=24)
2022-01-20 10:40:16,718:INFO:create_model() successfully completed......................................
2022-01-20 10:40:16,855:INFO:SubProcess create_model() end ==================================
2022-01-20 10:40:16,856:INFO:Creating metrics dataframe
2022-01-20 10:40:16,891:INFO:Initializing Decision Tree w/ Cond. Deseasonalize & Detrending
2022-01-20 10:40:16,897:INFO:Total runtime is 18.365351426601414 minutes
2022-01-20 10:40:16,918:INFO:SubProcess create_model() called ==================================
2022-01-20 10:40:16,918:INFO:Initializing create_model()
2022-01-20 10:40:16,918:INFO:create_model(self=<pycaret.internal.pycaret_experiment.time_series_experiment.TimeSeriesExperiment object at 0x7f9513e08190>, estimator=dt_cds_dt, fold=None, round=4, cross_validation=True, predict=True, fit_kwargs={}, groups=None, refit=False, probability_threshold=None, verbose=False, system=False, add_to_model_list=True, metrics=None, display=<pycaret.internal.Display.Display object at 0x7f9452e14fd0>, kwargs={})
2022-01-20 10:40:16,918:INFO:Checking exceptions
2022-01-20 10:40:16,918:INFO:Importing libraries
2022-01-20 10:40:16,918:INFO:Copying training dataset
2022-01-20 10:40:16,920:INFO:Defining folds
2022-01-20 10:40:16,921:INFO:Declaring metric variables
2022-01-20 10:40:16,940:INFO:Importing untrained model
2022-01-20 10:40:16,963:INFO:Decision Tree w/ Cond. Deseasonalize & Detrending Imported successfully
2022-01-20 10:40:17,005:INFO:Starting cross validation
2022-01-20 10:40:17,006:INFO:Cross validating with ExpandingWindowSplitter(fh=array([  1,   2, ..., 149, 150]),
            initial_window=None, step_length=150), n_jobs=1
2022-01-20 10:40:17,205:INFO:Calculating mean and std
2022-01-20 10:40:17,207:INFO:Creating metrics dataframe
2022-01-20 10:40:17,222:INFO:Uploading results into container
2022-01-20 10:40:17,222:INFO:Uploading model into container now
2022-01-20 10:40:17,222:INFO:master_model_container: 21
2022-01-20 10:40:17,223:INFO:display_container: 2
2022-01-20 10:40:17,225:INFO:BaseCdsDtForecaster(degree=1, deseasonal_model='additive',
                    regressor=DecisionTreeRegressor(ccp_alpha=0.0,
                                                    criterion='mse',
                                                    max_depth=None,
                                                    max_features=None,
                                                    max_leaf_nodes=None,
                                                    min_impurity_decrease=0.0,
                                                    min_impurity_split=None,
                                                    min_samples_leaf=1,
                                                    min_samples_split=2,
                                                    min_weight_fraction_leaf=0.0,
                                                    random_state=123,
                                                    splitter='best'),
                    sp=24, window_length=24)
2022-01-20 10:40:17,225:INFO:create_model() successfully completed......................................
2022-01-20 10:40:17,353:INFO:SubProcess create_model() end ==================================
2022-01-20 10:40:17,353:INFO:Creating metrics dataframe
2022-01-20 10:40:17,379:INFO:Initializing Random Forest w/ Cond. Deseasonalize & Detrending
2022-01-20 10:40:17,379:INFO:Total runtime is 18.37338829437892 minutes
2022-01-20 10:40:17,403:INFO:SubProcess create_model() called ==================================
2022-01-20 10:40:17,404:INFO:Initializing create_model()
2022-01-20 10:40:17,404:INFO:create_model(self=<pycaret.internal.pycaret_experiment.time_series_experiment.TimeSeriesExperiment object at 0x7f9513e08190>, estimator=rf_cds_dt, fold=None, round=4, cross_validation=True, predict=True, fit_kwargs={}, groups=None, refit=False, probability_threshold=None, verbose=False, system=False, add_to_model_list=True, metrics=None, display=<pycaret.internal.Display.Display object at 0x7f9452e14fd0>, kwargs={})
2022-01-20 10:40:17,404:INFO:Checking exceptions
2022-01-20 10:40:17,404:INFO:Importing libraries
2022-01-20 10:40:17,404:INFO:Copying training dataset
2022-01-20 10:40:17,406:INFO:Defining folds
2022-01-20 10:40:17,406:INFO:Declaring metric variables
2022-01-20 10:40:17,430:INFO:Importing untrained model
2022-01-20 10:40:17,449:INFO:Random Forest w/ Cond. Deseasonalize & Detrending Imported successfully
2022-01-20 10:40:17,493:INFO:Starting cross validation
2022-01-20 10:40:17,495:INFO:Cross validating with ExpandingWindowSplitter(fh=array([  1,   2, ..., 149, 150]),
            initial_window=None, step_length=150), n_jobs=1
2022-01-20 10:40:52,391:INFO:Calculating mean and std
2022-01-20 10:40:52,392:INFO:Creating metrics dataframe
2022-01-20 10:40:52,408:INFO:Uploading results into container
2022-01-20 10:40:52,409:INFO:Uploading model into container now
2022-01-20 10:40:52,409:INFO:master_model_container: 22
2022-01-20 10:40:52,409:INFO:display_container: 2
2022-01-20 10:40:52,410:INFO:BaseCdsDtForecaster(degree=1, deseasonal_model='additive',
                    regressor=RandomForestRegressor(bootstrap=True,
                                                    ccp_alpha=0.0,
                                                    criterion='mse',
                                                    max_depth=None,
                                                    max_features='auto',
                                                    max_leaf_nodes=None,
                                                    max_samples=None,
                                                    min_impurity_decrease=0.0,
                                                    min_impurity_split=None,
                                                    min_samples_leaf=1,
                                                    min_samples_split=2,
                                                    min_weight_fraction_leaf=0.0,
                                                    n_estimators=100, n_jobs=-1,
                                                    oob_score=False,
                                                    random_state=123, verbose=0,
                                                    warm_start=False),
                    sp=24, window_length=24)
2022-01-20 10:40:52,411:INFO:create_model() successfully completed......................................
2022-01-20 10:40:52,555:INFO:SubProcess create_model() end ==================================
2022-01-20 10:40:52,556:INFO:Creating metrics dataframe
2022-01-20 10:40:52,587:INFO:Initializing Extra Trees w/ Cond. Deseasonalize & Detrending
2022-01-20 10:40:52,588:INFO:Total runtime is 18.96019384860993 minutes
2022-01-20 10:40:52,612:INFO:SubProcess create_model() called ==================================
2022-01-20 10:40:52,612:INFO:Initializing create_model()
2022-01-20 10:40:52,612:INFO:create_model(self=<pycaret.internal.pycaret_experiment.time_series_experiment.TimeSeriesExperiment object at 0x7f9513e08190>, estimator=et_cds_dt, fold=None, round=4, cross_validation=True, predict=True, fit_kwargs={}, groups=None, refit=False, probability_threshold=None, verbose=False, system=False, add_to_model_list=True, metrics=None, display=<pycaret.internal.Display.Display object at 0x7f9452e14fd0>, kwargs={})
2022-01-20 10:40:52,612:INFO:Checking exceptions
2022-01-20 10:40:52,612:INFO:Importing libraries
2022-01-20 10:40:52,613:INFO:Copying training dataset
2022-01-20 10:40:52,614:INFO:Defining folds
2022-01-20 10:40:52,614:INFO:Declaring metric variables
2022-01-20 10:40:52,634:INFO:Importing untrained model
2022-01-20 10:40:52,654:INFO:Extra Trees w/ Cond. Deseasonalize & Detrending Imported successfully
2022-01-20 10:40:52,696:INFO:Starting cross validation
2022-01-20 10:40:52,697:INFO:Cross validating with ExpandingWindowSplitter(fh=array([  1,   2, ..., 149, 150]),
            initial_window=None, step_length=150), n_jobs=1
2022-01-20 10:41:24,523:INFO:Calculating mean and std
2022-01-20 10:41:24,525:INFO:Creating metrics dataframe
2022-01-20 10:41:24,540:INFO:Uploading results into container
2022-01-20 10:41:24,540:INFO:Uploading model into container now
2022-01-20 10:41:24,540:INFO:master_model_container: 23
2022-01-20 10:41:24,541:INFO:display_container: 2
2022-01-20 10:41:24,543:INFO:BaseCdsDtForecaster(degree=1, deseasonal_model='additive',
                    regressor=ExtraTreesRegressor(bootstrap=False,
                                                  ccp_alpha=0.0,
                                                  criterion='mse',
                                                  max_depth=None,
                                                  max_features='auto',
                                                  max_leaf_nodes=None,
                                                  max_samples=None,
                                                  min_impurity_decrease=0.0,
                                                  min_impurity_split=None,
                                                  min_samples_leaf=1,
                                                  min_samples_split=2,
                                                  min_weight_fraction_leaf=0.0,
                                                  n_estimators=100, n_jobs=-1,
                                                  oob_score=False,
                                                  random_state=123, verbose=0,
                                                  warm_start=False),
                    sp=24, window_length=24)
2022-01-20 10:41:24,544:INFO:create_model() successfully completed......................................
2022-01-20 10:41:24,669:INFO:SubProcess create_model() end ==================================
2022-01-20 10:41:24,669:INFO:Creating metrics dataframe
2022-01-20 10:41:24,695:INFO:Initializing Gradient Boosting w/ Cond. Deseasonalize & Detrending
2022-01-20 10:41:24,695:INFO:Total runtime is 19.49531277418137 minutes
2022-01-20 10:41:24,721:INFO:SubProcess create_model() called ==================================
2022-01-20 10:41:24,721:INFO:Initializing create_model()
2022-01-20 10:41:24,721:INFO:create_model(self=<pycaret.internal.pycaret_experiment.time_series_experiment.TimeSeriesExperiment object at 0x7f9513e08190>, estimator=gbr_cds_dt, fold=None, round=4, cross_validation=True, predict=True, fit_kwargs={}, groups=None, refit=False, probability_threshold=None, verbose=False, system=False, add_to_model_list=True, metrics=None, display=<pycaret.internal.Display.Display object at 0x7f9452e14fd0>, kwargs={})
2022-01-20 10:41:24,721:INFO:Checking exceptions
2022-01-20 10:41:24,721:INFO:Importing libraries
2022-01-20 10:41:24,721:INFO:Copying training dataset
2022-01-20 10:41:24,724:INFO:Defining folds
2022-01-20 10:41:24,725:INFO:Declaring metric variables
2022-01-20 10:41:24,749:INFO:Importing untrained model
2022-01-20 10:41:24,769:INFO:Gradient Boosting w/ Cond. Deseasonalize & Detrending Imported successfully
2022-01-20 10:41:24,811:INFO:Starting cross validation
2022-01-20 10:41:24,813:INFO:Cross validating with ExpandingWindowSplitter(fh=array([  1,   2, ..., 149, 150]),
            initial_window=None, step_length=150), n_jobs=1
2022-01-20 10:41:26,394:INFO:Calculating mean and std
2022-01-20 10:41:26,395:INFO:Creating metrics dataframe
2022-01-20 10:41:26,406:INFO:Uploading results into container
2022-01-20 10:41:26,406:INFO:Uploading model into container now
2022-01-20 10:41:26,406:INFO:master_model_container: 24
2022-01-20 10:41:26,406:INFO:display_container: 2
2022-01-20 10:41:26,408:INFO:BaseCdsDtForecaster(degree=1, deseasonal_model='additive',
                    regressor=GradientBoostingRegressor(alpha=0.9,
                                                        ccp_alpha=0.0,
                                                        criterion='friedman_mse',
                                                        init=None,
                                                        learning_rate=0.1,
                                                        loss='ls', max_depth=3,
                                                        max_features=None,
                                                        max_leaf_nodes=None,
                                                        min_impurity_decrease=0.0,
                                                        min_impurity_split=None,
                                                        min_samples_leaf=1,
                                                        min_samples_split=2,
                                                        min_weight_fraction_leaf=0.0,
                                                        n_estimators=100,
                                                        n_iter_no_change=None,
                                                        random_state=123,
                                                        subsample=1.0,
                                                        tol=0.0001,
                                                        validation_fraction=0.1,
                                                        verbose=0,
                                                        warm_start=False),
                    sp=24, window_length=24)
2022-01-20 10:41:26,408:INFO:create_model() successfully completed......................................
2022-01-20 10:41:26,539:INFO:SubProcess create_model() end ==================================
2022-01-20 10:41:26,540:INFO:Creating metrics dataframe
2022-01-20 10:41:26,572:INFO:Initializing AdaBoost w/ Cond. Deseasonalize & Detrending
2022-01-20 10:41:26,572:INFO:Total runtime is 19.52659768660864 minutes
2022-01-20 10:41:26,595:INFO:SubProcess create_model() called ==================================
2022-01-20 10:41:26,596:INFO:Initializing create_model()
2022-01-20 10:41:26,596:INFO:create_model(self=<pycaret.internal.pycaret_experiment.time_series_experiment.TimeSeriesExperiment object at 0x7f9513e08190>, estimator=ada_cds_dt, fold=None, round=4, cross_validation=True, predict=True, fit_kwargs={}, groups=None, refit=False, probability_threshold=None, verbose=False, system=False, add_to_model_list=True, metrics=None, display=<pycaret.internal.Display.Display object at 0x7f9452e14fd0>, kwargs={})
2022-01-20 10:41:26,596:INFO:Checking exceptions
2022-01-20 10:41:26,596:INFO:Importing libraries
2022-01-20 10:41:26,596:INFO:Copying training dataset
2022-01-20 10:41:26,597:INFO:Defining folds
2022-01-20 10:41:26,597:INFO:Declaring metric variables
2022-01-20 10:41:26,619:INFO:Importing untrained model
2022-01-20 10:41:26,636:INFO:AdaBoost w/ Cond. Deseasonalize & Detrending Imported successfully
2022-01-20 10:41:26,689:INFO:Starting cross validation
2022-01-20 10:41:26,692:INFO:Cross validating with ExpandingWindowSplitter(fh=array([  1,   2, ..., 149, 150]),
            initial_window=None, step_length=150), n_jobs=1
2022-01-20 10:41:28,893:INFO:Calculating mean and std
2022-01-20 10:41:28,894:INFO:Creating metrics dataframe
2022-01-20 10:41:28,909:INFO:Uploading results into container
2022-01-20 10:41:28,910:INFO:Uploading model into container now
2022-01-20 10:41:28,910:INFO:master_model_container: 25
2022-01-20 10:41:28,910:INFO:display_container: 2
2022-01-20 10:41:28,911:INFO:BaseCdsDtForecaster(degree=1, deseasonal_model='additive',
                    regressor=AdaBoostRegressor(base_estimator=None,
                                                learning_rate=1.0,
                                                loss='linear', n_estimators=50,
                                                random_state=123),
                    sp=24, window_length=24)
2022-01-20 10:41:28,911:INFO:create_model() successfully completed......................................
2022-01-20 10:41:29,045:INFO:SubProcess create_model() end ==================================
2022-01-20 10:41:29,045:INFO:Creating metrics dataframe
2022-01-20 10:41:29,076:INFO:Initializing Light Gradient Boosting w/ Cond. Deseasonalize & Detrending
2022-01-20 10:41:29,076:INFO:Total runtime is 19.568337003390003 minutes
2022-01-20 10:41:29,102:INFO:SubProcess create_model() called ==================================
2022-01-20 10:41:29,103:INFO:Initializing create_model()
2022-01-20 10:41:29,103:INFO:create_model(self=<pycaret.internal.pycaret_experiment.time_series_experiment.TimeSeriesExperiment object at 0x7f9513e08190>, estimator=lightgbm_cds_dt, fold=None, round=4, cross_validation=True, predict=True, fit_kwargs={}, groups=None, refit=False, probability_threshold=None, verbose=False, system=False, add_to_model_list=True, metrics=None, display=<pycaret.internal.Display.Display object at 0x7f9452e14fd0>, kwargs={})
2022-01-20 10:41:29,103:INFO:Checking exceptions
2022-01-20 10:41:29,103:INFO:Importing libraries
2022-01-20 10:41:29,103:INFO:Copying training dataset
2022-01-20 10:41:29,105:INFO:Defining folds
2022-01-20 10:41:29,105:INFO:Declaring metric variables
2022-01-20 10:41:29,125:INFO:Importing untrained model
2022-01-20 10:41:29,143:INFO:Light Gradient Boosting w/ Cond. Deseasonalize & Detrending Imported successfully
2022-01-20 10:41:29,182:INFO:Starting cross validation
2022-01-20 10:41:29,184:INFO:Cross validating with ExpandingWindowSplitter(fh=array([  1,   2, ..., 149, 150]),
            initial_window=None, step_length=150), n_jobs=1
2022-01-20 10:41:29,915:INFO:Calculating mean and std
2022-01-20 10:41:29,916:INFO:Creating metrics dataframe
2022-01-20 10:41:29,932:INFO:Uploading results into container
2022-01-20 10:41:29,932:INFO:Uploading model into container now
2022-01-20 10:41:29,932:INFO:master_model_container: 26
2022-01-20 10:41:29,933:INFO:display_container: 2
2022-01-20 10:41:29,936:INFO:BaseCdsDtForecaster(degree=1, deseasonal_model='additive',
                    regressor=LGBMRegressor(boosting_type='gbdt',
                                            class_weight=None,
                                            colsample_bytree=1.0,
                                            importance_type='split',
                                            learning_rate=0.1, max_depth=-1,
                                            min_child_samples=20,
                                            min_child_weight=0.001,
                                            min_split_gain=0.0,
                                            n_estimators=100, n_jobs=-1,
                                            num_leaves=31, objective=None,
                                            random_state=123, reg_alpha=0.0,
                                            reg_lambda=0.0, silent='warn',
                                            subsample=1.0,
                                            subsample_for_bin=200000,
                                            subsample_freq=0),
                    sp=24, window_length=24)
2022-01-20 10:41:29,936:INFO:create_model() successfully completed......................................
2022-01-20 10:41:30,070:INFO:SubProcess create_model() end ==================================
2022-01-20 10:41:30,070:INFO:Creating metrics dataframe
2022-01-20 10:41:30,147:INFO:Initializing create_model()
2022-01-20 10:41:30,148:INFO:create_model(self=<pycaret.internal.pycaret_experiment.time_series_experiment.TimeSeriesExperiment object at 0x7f9513e08190>, estimator=NaiveForecaster(sp=24, strategy='last', window_length=None), fold=None, round=4, cross_validation=False, predict=False, fit_kwargs={}, groups=None, refit=True, probability_threshold=None, verbose=False, system=False, add_to_model_list=True, metrics=None, display=None, kwargs={})
2022-01-20 10:41:30,148:INFO:Checking exceptions
2022-01-20 10:41:30,148:INFO:Importing libraries
2022-01-20 10:41:30,148:INFO:Copying training dataset
2022-01-20 10:41:30,148:INFO:Defining folds
2022-01-20 10:41:30,149:INFO:Declaring metric variables
2022-01-20 10:41:30,149:INFO:Importing untrained model
2022-01-20 10:41:30,149:INFO:Declaring custom model
2022-01-20 10:41:30,149:INFO:Seasonal Naive Forecaster Imported successfully
2022-01-20 10:41:30,150:INFO:Support for Exogenous variables not yet supported. Switching X, y order
2022-01-20 10:41:30,150:INFO:Cross validation set to False
2022-01-20 10:41:30,150:INFO:Fitting Model
2022-01-20 10:41:30,157:INFO:NaiveForecaster(sp=24, strategy='last', window_length=None)
2022-01-20 10:41:30,157:INFO:create_models() successfully completed......................................
2022-01-20 10:41:30,378:INFO:master_model_container: 26
2022-01-20 10:41:30,379:INFO:display_container: 2
2022-01-20 10:41:30,379:INFO:NaiveForecaster(sp=24, strategy='last', window_length=None)
2022-01-20 10:41:30,379:INFO:compare_models() successfully completed......................................
2022-01-20 10:41:30,429:INFO:Preparing display monitor
2022-01-20 10:41:30,593:INFO:Initializing create_model()
2022-01-20 10:41:30,593:INFO:create_model(self=<pycaret.internal.pycaret_experiment.time_series_experiment.TimeSeriesExperiment object at 0x7f9513e08190>, estimator=snaive, fold=None, round=4, cross_validation=True, predict=True, fit_kwargs=None, groups=None, refit=True, probability_threshold=None, verbose=True, system=True, add_to_model_list=True, metrics=None, display=None, kwargs={})
2022-01-20 10:41:30,593:INFO:Checking exceptions
2022-01-20 10:41:30,593:INFO:Preparing display monitor
2022-01-20 10:41:30,639:INFO:Importing libraries
2022-01-20 10:41:30,639:INFO:Copying training dataset
2022-01-20 10:41:30,640:INFO:Defining folds
2022-01-20 10:41:30,641:INFO:Declaring metric variables
2022-01-20 10:41:30,671:INFO:Importing untrained model
2022-01-20 10:41:30,696:INFO:Seasonal Naive Forecaster Imported successfully
2022-01-20 10:41:30,754:INFO:Starting cross validation
2022-01-20 10:41:30,756:INFO:Cross validating with ExpandingWindowSplitter(fh=array([  1,   2, ..., 149, 150]),
            initial_window=None, step_length=150), n_jobs=1
2022-01-20 10:41:30,811:INFO:Calculating mean and std
2022-01-20 10:41:30,812:INFO:Creating metrics dataframe
2022-01-20 10:41:30,848:INFO:Finalizing model
2022-01-20 10:41:30,855:INFO:Uploading results into container
2022-01-20 10:41:30,855:INFO:Uploading model into container now
2022-01-20 10:41:30,886:INFO:master_model_container: 27
2022-01-20 10:41:30,886:INFO:display_container: 4
2022-01-20 10:41:30,887:INFO:NaiveForecaster(sp=24, strategy='last', window_length=None)
2022-01-20 10:41:30,887:INFO:create_model() successfully completed......................................
2022-01-20 10:41:31,039:INFO:Initializing tune_model()
2022-01-20 10:41:31,039:INFO:tune_model(self=<pycaret.internal.pycaret_experiment.time_series_experiment.TimeSeriesExperiment object at 0x7f9513e08190>, estimator=NaiveForecaster(sp=24, strategy='last', window_length=None), fold=None, round=4, n_iter=10, custom_grid=None, optimize=SMAPE, custom_scorer=None, search_algorithm=None, choose_better=True, fit_kwargs=None, return_tuner=False, verbose=True, tuner_verbose=True, display=None, kwargs={}, search_library=pycaret, _allowed_search_algorithms=[None, 'random', 'grid'])
2022-01-20 10:41:31,039:INFO:Checking exceptions
2022-01-20 10:41:31,039:INFO:Preparing display monitor
2022-01-20 10:41:31,104:INFO:Copying training dataset
2022-01-20 10:41:31,108:INFO:Checking base model
2022-01-20 10:41:31,108:INFO:Base model : Seasonal Naive Forecaster
2022-01-20 10:41:31,139:INFO:Declaring metric variables
2022-01-20 10:41:31,165:INFO:Defining Hyperparameters
2022-01-20 10:41:31,295:INFO:Tuning with n_jobs=-1
2022-01-20 10:41:31,295:INFO:Initializing ForecastingRandomizedGridSearchCV
2022-01-20 10:41:35,090:INFO:best_params: {'window_length': None, 'strategy': 'last', 'sp': 24}
2022-01-20 10:41:35,091:INFO:Hyperparameter search completed
2022-01-20 10:41:35,091:INFO:SubProcess create_model() called ==================================
2022-01-20 10:41:35,092:INFO:Initializing create_model()
2022-01-20 10:41:35,092:INFO:create_model(self=<pycaret.internal.pycaret_experiment.time_series_experiment.TimeSeriesExperiment object at 0x7f9513e08190>, estimator=NaiveForecaster(sp=24, strategy='last', window_length=None), fold=None, round=4, cross_validation=True, predict=True, fit_kwargs={'fh': array([  1,   2,   3,   4,   5,   6,   7,   8,   9,  10,  11,  12,  13,
        14,  15,  16,  17,  18,  19,  20,  21,  22,  23,  24,  25,  26,
        27,  28,  29,  30,  31,  32,  33,  34,  35,  36,  37,  38,  39,
        40,  41,  42,  43,  44,  45,  46,  47,  48,  49,  50,  51,  52,
        53,  54,  55,  56,  57,  58,  59,  60,  61,  62,  63,  64,  65,
        66,  67,  68,  69,  70,  71,  72,  73,  74,  75,  76,  77,  78,
        79,  80,  81,  82,  83,  84,  85,  86,  87,  88,  89,  90,  91,
        92,  93,  94,  95,  96,  97,  98,  99, 100, 101, 102, 103, 104,
       105, 106, 107, 108, 109, 110, 111, 112, 113, 114, 115, 116, 117,
       118, 119, 120, 121, 122, 123, 124, 125, 126, 127, 128, 129, 130,
       131, 132, 133, 134, 135, 136, 137, 138, 139, 140, 141, 142, 143,
       144, 145, 146, 147, 148, 149, 150])}, groups=None, refit=True, probability_threshold=None, verbose=True, system=False, add_to_model_list=True, metrics=None, display=<pycaret.internal.Display.Display object at 0x7f94534d3b90>, kwargs={'window_length': None, 'strategy': 'last', 'sp': 24})
2022-01-20 10:41:35,093:INFO:Checking exceptions
2022-01-20 10:41:35,093:INFO:Importing libraries
2022-01-20 10:41:35,093:INFO:Copying training dataset
2022-01-20 10:41:35,094:INFO:Defining folds
2022-01-20 10:41:35,094:INFO:Declaring metric variables
2022-01-20 10:41:35,124:INFO:Importing untrained model
2022-01-20 10:41:35,124:INFO:Declaring custom model
2022-01-20 10:41:35,152:INFO:Seasonal Naive Forecaster Imported successfully
2022-01-20 10:41:35,206:INFO:Starting cross validation
2022-01-20 10:41:35,208:INFO:Cross validating with ExpandingWindowSplitter(fh=array([  1,   2, ..., 149, 150]),
            initial_window=None, step_length=150), n_jobs=1
2022-01-20 10:41:35,273:INFO:Calculating mean and std
2022-01-20 10:41:35,275:INFO:Creating metrics dataframe
2022-01-20 10:41:35,312:INFO:Finalizing model
2022-01-20 10:41:35,318:INFO:Uploading results into container
2022-01-20 10:41:35,318:INFO:Uploading model into container now
2022-01-20 10:41:35,318:INFO:master_model_container: 28
2022-01-20 10:41:35,318:INFO:display_container: 5
2022-01-20 10:41:35,318:INFO:NaiveForecaster(sp=24, strategy='last', window_length=None)
2022-01-20 10:41:35,318:INFO:create_model() successfully completed......................................
2022-01-20 10:41:35,460:INFO:SubProcess create_model() end ==================================
2022-01-20 10:41:35,460:INFO:choose_better activated
2022-01-20 10:41:35,492:INFO:SubProcess create_model() called ==================================
2022-01-20 10:41:35,493:INFO:Initializing create_model()
2022-01-20 10:41:35,494:INFO:create_model(self=<pycaret.internal.pycaret_experiment.time_series_experiment.TimeSeriesExperiment object at 0x7f9513e08190>, estimator=NaiveForecaster(sp=24, strategy='last', window_length=None), fold=None, round=4, cross_validation=True, predict=True, fit_kwargs={'fh': array([  1,   2,   3,   4,   5,   6,   7,   8,   9,  10,  11,  12,  13,
        14,  15,  16,  17,  18,  19,  20,  21,  22,  23,  24,  25,  26,
        27,  28,  29,  30,  31,  32,  33,  34,  35,  36,  37,  38,  39,
        40,  41,  42,  43,  44,  45,  46,  47,  48,  49,  50,  51,  52,
        53,  54,  55,  56,  57,  58,  59,  60,  61,  62,  63,  64,  65,
        66,  67,  68,  69,  70,  71,  72,  73,  74,  75,  76,  77,  78,
        79,  80,  81,  82,  83,  84,  85,  86,  87,  88,  89,  90,  91,
        92,  93,  94,  95,  96,  97,  98,  99, 100, 101, 102, 103, 104,
       105, 106, 107, 108, 109, 110, 111, 112, 113, 114, 115, 116, 117,
       118, 119, 120, 121, 122, 123, 124, 125, 126, 127, 128, 129, 130,
       131, 132, 133, 134, 135, 136, 137, 138, 139, 140, 141, 142, 143,
       144, 145, 146, 147, 148, 149, 150])}, groups=None, refit=True, probability_threshold=None, verbose=False, system=False, add_to_model_list=True, metrics=None, display=None, kwargs={})
2022-01-20 10:41:35,495:INFO:Checking exceptions
2022-01-20 10:41:35,495:INFO:Importing libraries
2022-01-20 10:41:35,495:INFO:Copying training dataset
2022-01-20 10:41:35,496:INFO:Defining folds
2022-01-20 10:41:35,496:INFO:Declaring metric variables
2022-01-20 10:41:35,496:INFO:Importing untrained model
2022-01-20 10:41:35,496:INFO:Declaring custom model
2022-01-20 10:41:35,497:INFO:Seasonal Naive Forecaster Imported successfully
2022-01-20 10:41:35,501:INFO:Starting cross validation
2022-01-20 10:41:35,501:INFO:Cross validating with ExpandingWindowSplitter(fh=array([  1,   2, ..., 149, 150]),
            initial_window=None, step_length=150), n_jobs=1
2022-01-20 10:41:35,548:INFO:Calculating mean and std
2022-01-20 10:41:35,548:INFO:Creating metrics dataframe
2022-01-20 10:41:35,554:INFO:Finalizing model
2022-01-20 10:41:35,558:INFO:Uploading results into container
2022-01-20 10:41:35,558:INFO:Uploading model into container now
2022-01-20 10:41:35,558:INFO:master_model_container: 29
2022-01-20 10:41:35,558:INFO:display_container: 6
2022-01-20 10:41:35,559:INFO:NaiveForecaster(sp=24, strategy='last', window_length=None)
2022-01-20 10:41:35,559:INFO:create_model() successfully completed......................................
2022-01-20 10:41:35,689:INFO:SubProcess create_model() end ==================================
2022-01-20 10:41:35,690:INFO:NaiveForecaster(sp=24, strategy='last', window_length=None) result for SMAPE is 0.0358
2022-01-20 10:41:35,690:INFO:Original model was better than the tuned model, hence it will be returned. NOTE: The display metrics are for the tuned model (not the original one).
2022-01-20 10:41:35,690:INFO:SubProcess create_model() called ==================================
2022-01-20 10:41:35,691:INFO:Initializing create_model()
2022-01-20 10:41:35,691:INFO:create_model(self=<pycaret.internal.pycaret_experiment.time_series_experiment.TimeSeriesExperiment object at 0x7f9513e08190>, estimator=NaiveForecaster(sp=24, strategy='last', window_length=None), fold=None, round=4, cross_validation=True, predict=True, fit_kwargs={'fh': array([  1,   2,   3,   4,   5,   6,   7,   8,   9,  10,  11,  12,  13,
        14,  15,  16,  17,  18,  19,  20,  21,  22,  23,  24,  25,  26,
        27,  28,  29,  30,  31,  32,  33,  34,  35,  36,  37,  38,  39,
        40,  41,  42,  43,  44,  45,  46,  47,  48,  49,  50,  51,  52,
        53,  54,  55,  56,  57,  58,  59,  60,  61,  62,  63,  64,  65,
        66,  67,  68,  69,  70,  71,  72,  73,  74,  75,  76,  77,  78,
        79,  80,  81,  82,  83,  84,  85,  86,  87,  88,  89,  90,  91,
        92,  93,  94,  95,  96,  97,  98,  99, 100, 101, 102, 103, 104,
       105, 106, 107, 108, 109, 110, 111, 112, 113, 114, 115, 116, 117,
       118, 119, 120, 121, 122, 123, 124, 125, 126, 127, 128, 129, 130,
       131, 132, 133, 134, 135, 136, 137, 138, 139, 140, 141, 142, 143,
       144, 145, 146, 147, 148, 149, 150])}, groups=None, refit=True, probability_threshold=None, verbose=False, system=False, add_to_model_list=True, metrics=None, display=None, kwargs={})
2022-01-20 10:41:35,691:INFO:Checking exceptions
2022-01-20 10:41:35,692:INFO:Importing libraries
2022-01-20 10:41:35,692:INFO:Copying training dataset
2022-01-20 10:41:35,692:INFO:Defining folds
2022-01-20 10:41:35,692:INFO:Declaring metric variables
2022-01-20 10:41:35,692:INFO:Importing untrained model
2022-01-20 10:41:35,692:INFO:Declaring custom model
2022-01-20 10:41:35,693:INFO:Seasonal Naive Forecaster Imported successfully
2022-01-20 10:41:35,695:INFO:Starting cross validation
2022-01-20 10:41:35,696:INFO:Cross validating with ExpandingWindowSplitter(fh=array([  1,   2, ..., 149, 150]),
            initial_window=None, step_length=150), n_jobs=1
2022-01-20 10:41:35,748:INFO:Calculating mean and std
2022-01-20 10:41:35,748:INFO:Creating metrics dataframe
2022-01-20 10:41:35,754:INFO:Finalizing model
2022-01-20 10:41:35,758:INFO:Uploading results into container
2022-01-20 10:41:35,758:INFO:Uploading model into container now
2022-01-20 10:41:35,758:INFO:master_model_container: 30
2022-01-20 10:41:35,758:INFO:display_container: 6
2022-01-20 10:41:35,759:INFO:NaiveForecaster(sp=24, strategy='last', window_length=None)
2022-01-20 10:41:35,759:INFO:create_model() successfully completed......................................
2022-01-20 10:41:35,887:INFO:SubProcess create_model() end ==================================
2022-01-20 10:41:35,888:INFO:NaiveForecaster(sp=24, strategy='last', window_length=None) result for SMAPE is 0.0358
2022-01-20 10:41:35,888:INFO:NaiveForecaster(sp=24, strategy='last', window_length=None) is best model
2022-01-20 10:41:35,888:INFO:choose_better completed
2022-01-20 10:41:35,915:INFO:master_model_container: 30
2022-01-20 10:41:35,916:INFO:display_container: 5
2022-01-20 10:41:35,916:INFO:NaiveForecaster(sp=24, strategy='last', window_length=None)
2022-01-20 10:41:35,916:INFO:tune_model() succesfully completed......................................
2022-01-20 10:41:36,297:INFO:Visual Rendered Successfully
2022-01-20 10:41:36,556:INFO:Visual Rendered Successfully
2022-01-20 10:41:36,807:INFO:Visual Rendered Successfully
2022-01-20 10:41:36,948:INFO:Initializing save_model()
2022-01-20 10:41:36,949:INFO:save_model(model=NaiveForecaster(sp=24, strategy='last', window_length=None), model_name=my_best_model, prep_pipe_=None, verbose=True, kwargs={})
2022-01-20 10:41:36,949:INFO:Adding model into prep_pipe
2022-01-20 10:41:36,951:WARNING:Only Model saved. Transformations in prep_pipe are ignored.
2022-01-20 10:41:36,960:INFO:my_best_model.pkl saved in current working directory
2022-01-20 10:41:36,960:INFO:NaiveForecaster(sp=24, strategy='last', window_length=None)
2022-01-20 10:41:36,960:INFO:save_model() successfully completed......................................
